#
# A fatal error has been detected by the Java Runtime Environment:
#
#  SIGSEGV (0xb) at pc=0x0000000000000000, pid=72414, tid=10243
#
# JRE version:  (11.0.6+8) (build )
# Java VM: OpenJDK 64-Bit Server VM (11.0.6+8-b765.25, mixed mode, tiered, compressed oops, g1 gc, bsd-amd64)
# Problematic frame:
# C  0x0000000000000000
#
# No core dump will be written. Core dumps have been disabled. To enable core dumping, try "ulimit -c unlimited" before starting Java again
#
# If you would like to submit a bug report, please visit:
#   http://bugreport.java.com/bugreport/crash.jsp
#

---------------  S U M M A R Y ------------

Command Line: org.jetbrains.git4idea.http.GitAskPassApp Username for 'https://github.com': 

Host: MacBookPro15,2 x86_64 2800 MHz, 8 cores, 16G, Darwin 19.4.0
Time: Wed Apr 22 11:10:54 2020 CEST elapsed time: 0 seconds (0d 0h 0m 0s)

---------------  T H R E A D  ---------------

Current thread (0x00007fb72380c000):  JavaThread "Unknown thread" [_thread_in_vm, id=10243, stack(0x0000700000ab7000,0x0000700000bb7000)]

Stack: [0x0000700000ab7000,0x0000700000bb7000],  sp=0x0000700000bb6588,  free space=1021k

siginfo: si_signo: 11 (SIGSEGV), si_code: 1 (SEGV_MAPERR), si_addr: 0x0000000000000000

Registers:
RAX=0x0000000000000421, RBX=0x0000000107d78a6b, RCX=0x0000000000000798, RDX=0x00007fb72383e000
RSP=0x0000700000bb6588, RBP=0x0000700000bb65a0, RSI=0x0000000000000421, RDI=0x0000000107d78a88
R8 =0x0000700000bb6598, R9 =0x00000001065bd250, R10=0x00007fb723413150, R11=0x00007fff6c353800
R12=0x0000700000bb6630, R13=0x0000000000000007, R14=0x0000000107d78a88, R15=0x00007fb72383e000
RIP=0x0000000000000000, EFLAGS=0x0000000000010206, ERR=0x0000000000000014
  TRAPNO=0x000000000000000e

Top of Stack: (sp=0x0000700000bb6588)
0x0000700000bb6588:   00000001065bb379 0000000107d78a88
0x0000700000bb6598:   0000000000000000 0000700000bb6620
0x0000700000bb65a8:   00000001065bb2ce 00007fb72380c000
0x0000700000bb65b8:   00000001cafefafa 0000000000000421
0x0000700000bb65c8:   0000000000000798 ffffffff00000007
0x0000700000bb65d8:   00007fff6c1fbf01 0000000107d78a6b
0x0000700000bb65e8:   0000000000000798 00007fb723817e10
0x0000700000bb65f8:   00007fb7234131e0 0000000107d78a6b
0x0000700000bb6608:   00000000015b93e7 00000001066ec597
0x0000700000bb6618:   0000000000000798 0000700000bb6670
0x0000700000bb6628:   00000001065bbbd6 00000001066ec597
0x0000700000bb6638:   00000000000d30ed 00007fb723817e10
0x0000700000bb6648:   0000700000bb6680 00007fb723817e10
0x0000700000bb6658:   000000000004cee6 00007fb723817e10
0x0000700000bb6668:   00007fb7234131e0 0000700000bb66e0
0x0000700000bb6678:   00000001065bc60f 0000000000000000
0x0000700000bb6688:   000000000000000b 000000000002da29
0x0000700000bb6698:   0000000000030d80 0000000000000001
0x0000700000bb66a8:   00000000015b93e7 000000000000043e
0x0000700000bb66b8:   0000000000000798 00007fb72340fa50
0x0000700000bb66c8:   0000000000000798 00007fb7234132b0
0x0000700000bb66d8:   0000000000000000 0000700000bb6700
0x0000700000bb66e8:   00000001065bc7c1 00007fb723817e10
0x0000700000bb66f8:   00007fb72340ff80 0000700000bb6790
0x0000700000bb6708:   00000001059e9e23 00007fb72340fa50
0x0000700000bb6718:   00007fb72340ff30 00007fb72340ff80
0x0000700000bb6728:   00007fb723410318 00000000000003d8
0x0000700000bb6738:   01007fb72340ff40 0000700000bb6790
0x0000700000bb6748:   0000000105d1539f 00007fb72340fa50
0x0000700000bb6758:   00007fb72340fa50 0000000000000798
0x0000700000bb6768:   00007fb72340ff40 00007fb72380c000
0x0000700000bb6778:   00007fb72340ff60 0000000000000000 

Instructions: (pc=0x0000000000000000)
0xffffffffffffff00:   



---------------  P R O C E S S  ---------------

Threads class SMR info:
_java_thread_list=0x00007fb7248062a0, length=0, elements={
}

Java Threads: ( => current thread )

Other Threads:
  0x00007fb723817000 GCTaskThread "GC Thread#0" [stack: 0x0000700000bba000,0x0000700000cba000] [id=20739]
  0x00007fb725045800 ConcurrentGCThread "G1 Main Marker" [stack: 0x0000700000cbd000,0x0000700000dbd000] [id=20483]
  0x00007fb725046000 ConcurrentGCThread "G1 Conc#0" [stack: 0x0000700000dc0000,0x0000700000ec0000] [id=19971]
  0x00007fb72582a800 ConcurrentGCThread "G1 Refine#0" [stack: 0x0000700000ec3000,0x0000700000fc3000] [id=19715]
  0x00007fb723820000 ConcurrentGCThread "G1 Young RemSet Sampling" [stack: 0x0000700000fc6000,0x00007000010c6000] [id=19459]

=>0x00007fb72380c000 (exited) JavaThread "Unknown thread" [_thread_in_vm, id=10243, stack(0x0000700000ab7000,0x0000700000bb7000)]

Threads with active compile tasks:

VM state:not at safepoint (not fully initialized)

VM Mutex/Monitor currently owned by a thread: None

Heap address: 0x0000000700000000, size: 4096 MB, Compressed Oops mode: Zero based, Oop shift amount: 3
Narrow klass base: 0x0000000800000000, Narrow klass shift: 0
Compressed class space size: 1073741824 Address: 0x0000000800000000

GC Heap History (0 events):
No events

Deoptimization events (0 events):
No events

Classes redefined (0 events):
No events

Internal exceptions (0 events):
No events

Events (4 events):
Event: 0.006 Protecting memory [0x0000700000ab7000,0x0000700000abb000] with protection modes 0
Event: 0.007 Loaded shared library /Applications/Cask/PyCharm.app/Contents/jbr/Contents/Home/lib/libzip.dylib
Event: 0.008 Loaded shared library /Applications/Cask/PyCharm.app/Contents/jbr/Contents/Home/lib/libjimage.dylib
Event: 0.014 loading class java/lang/Object


Dynamic libraries:
0x00007fff312f8000 	/System/Library/Frameworks/Cocoa.framework/Versions/A/Cocoa
0x00007fff3ead5000 	/System/Library/Frameworks/Security.framework/Versions/A/Security
0x00007fff30262000 	/System/Library/Frameworks/ApplicationServices.framework/Versions/A/ApplicationServices
0x00007fff6b67f000 	/usr/lib/libz.1.dylib
0x000000010478e000 	/Applications/Cask/PyCharm.app/Contents/jbr/Contents/Home/lib/jli/libjli.dylib
0x00007fff69143000 	/usr/lib/libSystem.B.dylib
0x00007fff2f453000 	/System/Library/Frameworks/AppKit.framework/Versions/C/AppKit
0x00007fff31c7c000 	/System/Library/Frameworks/CoreData.framework/Versions/A/CoreData
0x00007fff34849000 	/System/Library/Frameworks/Foundation.framework/Versions/C/Foundation
0x00007fff63164000 	/System/Library/PrivateFrameworks/UIFoundation.framework/Versions/A/UIFoundation
0x00007fff5e212000 	/System/Library/PrivateFrameworks/RemoteViewServices.framework/Versions/A/RemoteViewServices
0x00007fff65cb8000 	/System/Library/PrivateFrameworks/XCTTargetBootstrap.framework/Versions/A/XCTTargetBootstrap
0x00007fff32067000 	/System/Library/Frameworks/CoreDisplay.framework/Versions/A/CoreDisplay
0x00007fff37702000 	/System/Library/Frameworks/Metal.framework/Versions/A/Metal
0x00007fff4c26b000 	/System/Library/PrivateFrameworks/DesktopServicesPriv.framework/Versions/A/DesktopServicesPriv
0x00007fff6a280000 	/usr/lib/liblangid.dylib
0x00007fff4b504000 	/System/Library/PrivateFrameworks/CoreSVG.framework/Versions/A/CoreSVG
0x00007fff61368000 	/System/Library/PrivateFrameworks/SkyLight.framework/Versions/A/SkyLight
0x00007fff32614000 	/System/Library/Frameworks/CoreGraphics.framework/Versions/A/CoreGraphics
0x00007fff2de27000 	/System/Library/Frameworks/Accelerate.framework/Versions/A/Accelerate
0x00007fff6b570000 	/usr/lib/libxml2.2.dylib
0x00007fff571c4000 	/System/Library/PrivateFrameworks/IconServices.framework/Versions/A/IconServices
0x00007fff35028000 	/System/Library/Frameworks/IOSurface.framework/Versions/A/IOSurface
0x00007fff68c6d000 	/usr/lib/libDiagnosticMessagesClient.dylib
0x00007fff4c0c5000 	/System/Library/PrivateFrameworks/DFRFoundation.framework/Versions/A/DFRFoundation
0x00007fff6a00f000 	/usr/lib/libicucore.A.dylib
0x00007fff30594000 	/System/Library/Frameworks/AudioToolbox.framework/Versions/A/AudioToolbox
0x00007fff30677000 	/System/Library/Frameworks/AudioUnit.framework/Versions/A/AudioUnit
0x00007fff69345000 	/usr/lib/libauto.dylib
0x00007fff4c167000 	/System/Library/PrivateFrameworks/DataDetectorsCore.framework/Versions/A/DataDetectorsCore
0x00007fff30e19000 	/System/Library/Frameworks/Carbon.framework/Versions/A/Frameworks/HIToolbox.framework/Versions/A/HIToolbox
0x00007fff3dcd2000 	/System/Library/Frameworks/QuartzCore.framework/Versions/A/QuartzCore
0x00007fff31158000 	/System/Library/Frameworks/Carbon.framework/Versions/A/Frameworks/SpeechRecognition.framework/Versions/A/SpeechRecognition
0x00007fff4bbdc000 	/System/Library/PrivateFrameworks/CoreUI.framework/Versions/A/CoreUI
0x00007fff316e7000 	/System/Library/Frameworks/CoreAudio.framework/Versions/A/CoreAudio
0x00007fff3450e000 	/System/Library/Frameworks/DiskArbitration.framework/Versions/A/DiskArbitration
0x00007fff59211000 	/System/Library/PrivateFrameworks/MultitouchSupport.framework/Versions/A/MultitouchSupport
0x00007fff69ed6000 	/usr/lib/libenergytrace.dylib
0x00007fff34f82000 	/System/Library/Frameworks/IOKit.framework/Versions/A/IOKit
0x00007fff3357b000 	/System/Library/Frameworks/CoreServices.framework/Versions/A/CoreServices
0x00007fff5b3a8000 	/System/Library/PrivateFrameworks/PerformanceAnalysis.framework/Versions/A/PerformanceAnalysis
0x00007fff3cd05000 	/System/Library/Frameworks/OpenGL.framework/Versions/A/OpenGL
0x00007fff6afa3000 	/usr/lib/libobjc.A.dylib
0x00007fff31306000 	/System/Library/Frameworks/ColorSync.framework/Versions/A/ColorSync
0x00007fff32193000 	/System/Library/Frameworks/CoreFoundation.framework/Versions/A/CoreFoundation
0x00007fff32c96000 	/System/Library/Frameworks/CoreImage.framework/Versions/A/CoreImage
0x00007fff33fed000 	/System/Library/Frameworks/CoreText.framework/Versions/A/CoreText
0x00007fff350b8000 	/System/Library/Frameworks/ImageIO.framework/Versions/A/ImageIO
0x00007fff69429000 	/usr/lib/libc++.1.dylib
0x00007fff694a5000 	/usr/lib/libcompression.dylib
0x00007fff68fb1000 	/usr/lib/libMobileGestalt.dylib
0x00007fff62edd000 	/System/Library/PrivateFrameworks/TextureIO.framework/Versions/A/TextureIO
0x00007fff692a8000 	/usr/lib/libate.dylib
0x00007fff573cd000 	/System/Library/PrivateFrameworks/InternationalSupport.framework/Versions/A/InternationalSupport
0x00007fff6bf3f000 	/usr/lib/system/libcache.dylib
0x00007fff6bf45000 	/usr/lib/system/libcommonCrypto.dylib
0x00007fff6bf51000 	/usr/lib/system/libcompiler_rt.dylib
0x00007fff6bf59000 	/usr/lib/system/libcopyfile.dylib
0x00007fff6bf63000 	/usr/lib/system/libcorecrypto.dylib
0x00007fff6c102000 	/usr/lib/system/libdispatch.dylib
0x00007fff6c143000 	/usr/lib/system/libdyld.dylib
0x00007fff6c17a000 	/usr/lib/system/libkeymgr.dylib
0x00007fff6c188000 	/usr/lib/system/liblaunch.dylib
0x00007fff6c189000 	/usr/lib/system/libmacho.dylib
0x00007fff6c18f000 	/usr/lib/system/libquarantine.dylib
0x00007fff6c192000 	/usr/lib/system/libremovefile.dylib
0x00007fff6c194000 	/usr/lib/system/libsystem_asl.dylib
0x00007fff6c1ac000 	/usr/lib/system/libsystem_blocks.dylib
0x00007fff6c1ad000 	/usr/lib/system/libsystem_c.dylib
0x00007fff6c235000 	/usr/lib/system/libsystem_configuration.dylib
0x00007fff6c239000 	/usr/lib/system/libsystem_coreservices.dylib
0x00007fff6c23d000 	/usr/lib/system/libsystem_darwin.dylib
0x00007fff6c246000 	/usr/lib/system/libsystem_dnssd.dylib
0x00007fff6c24e000 	/usr/lib/system/libsystem_featureflags.dylib
0x00007fff6c250000 	/usr/lib/system/libsystem_info.dylib
0x00007fff6c2cb000 	/usr/lib/system/libsystem_m.dylib
0x00007fff6c313000 	/usr/lib/system/libsystem_malloc.dylib
0x00007fff6c33b000 	/usr/lib/system/libsystem_networkextension.dylib
0x00007fff6c349000 	/usr/lib/system/libsystem_notify.dylib
0x00007fff6c367000 	/usr/lib/system/libsystem_sandbox.dylib
0x00007fff6c36c000 	/usr/lib/system/libsystem_secinit.dylib
0x00007fff6c29e000 	/usr/lib/system/libsystem_kernel.dylib
0x00007fff6c353000 	/usr/lib/system/libsystem_platform.dylib
0x00007fff6c35c000 	/usr/lib/system/libsystem_pthread.dylib
0x00007fff6c36f000 	/usr/lib/system/libsystem_symptoms.dylib
0x00007fff6c377000 	/usr/lib/system/libsystem_trace.dylib
0x00007fff6c38f000 	/usr/lib/system/libunwind.dylib
0x00007fff6c395000 	/usr/lib/system/libxpc.dylib
0x00007fff6947c000 	/usr/lib/libc++abi.dylib
0x00007fff6a282000 	/usr/lib/liblzma.5.dylib
0x00007fff69efd000 	/usr/lib/libfakelink.dylib
0x00007fff69235000 	/usr/lib/libarchive.2.dylib
0x00007fff3fb85000 	/System/Library/Frameworks/SystemConfiguration.framework/Versions/A/SystemConfiguration
0x00007fff68ba0000 	/usr/lib/libCRFSuite.dylib
0x00007fff30a0a000 	/System/Library/Frameworks/CFNetwork.framework/Versions/A/CFNetwork
0x00007fff6940b000 	/usr/lib/libbsm.0.dylib
0x00007fff6c17b000 	/usr/lib/system/libkxld.dylib
0x00007fff45a9a000 	/System/Library/PrivateFrameworks/AppleFSCompression.framework/Versions/A/AppleFSCompression
0x00007fff69796000 	/usr/lib/libcoretls.dylib
0x00007fff697ad000 	/usr/lib/libcoretls_cfhelpers.dylib
0x00007fff6afe9000 	/usr/lib/libpam.2.dylib
0x00007fff6b11e000 	/usr/lib/libsqlite3.dylib
0x00007fff6b55d000 	/usr/lib/libxar.1.dylib
0x00007fff6941c000 	/usr/lib/libbz2.1.0.dylib
0x00007fff69f1e000 	/usr/lib/libiconv.2.dylib
0x00007fff69492000 	/usr/lib/libcharset.1.dylib
0x00007fff6aa88000 	/usr/lib/libnetwork.dylib
0x00007fff6aff0000 	/usr/lib/libpcap.A.dylib
0x00007fff691ea000 	/usr/lib/libapple_nghttp2.dylib
0x00007fff33932000 	/System/Library/Frameworks/CoreServices.framework/Versions/A/Frameworks/FSEvents.framework/Versions/A/FSEvents
0x00007fff33602000 	/System/Library/Frameworks/CoreServices.framework/Versions/A/Frameworks/CarbonCore.framework/Versions/A/CarbonCore
0x00007fff33b75000 	/System/Library/Frameworks/CoreServices.framework/Versions/A/Frameworks/Metadata.framework/Versions/A/Metadata
0x00007fff33c0e000 	/System/Library/Frameworks/CoreServices.framework/Versions/A/Frameworks/OSServices.framework/Versions/A/OSServices
0x00007fff33c3c000 	/System/Library/Frameworks/CoreServices.framework/Versions/A/Frameworks/SearchKit.framework/Versions/A/SearchKit
0x00007fff3357c000 	/System/Library/Frameworks/CoreServices.framework/Versions/A/Frameworks/AE.framework/Versions/A/AE
0x00007fff3393b000 	/System/Library/Frameworks/CoreServices.framework/Versions/A/Frameworks/LaunchServices.framework/Versions/A/LaunchServices
0x00007fff338e4000 	/System/Library/Frameworks/CoreServices.framework/Versions/A/Frameworks/DictionaryServices.framework/Versions/A/DictionaryServices
0x00007fff33ca4000 	/System/Library/Frameworks/CoreServices.framework/Versions/A/Frameworks/SharedFileList.framework/Versions/A/SharedFileList
0x00007fff38b25000 	/System/Library/Frameworks/NetFS.framework/Versions/A/NetFS
0x00007fff59740000 	/System/Library/PrivateFrameworks/NetAuth.framework/Versions/A/NetAuth
0x00007fff66085000 	/System/Library/PrivateFrameworks/login.framework/Versions/A/Frameworks/loginsupport.framework/Versions/A/loginsupport
0x00007fff629aa000 	/System/Library/PrivateFrameworks/TCC.framework/Versions/A/TCC
0x00007fff4a677000 	/System/Library/PrivateFrameworks/CoreNLP.framework/Versions/A/CoreNLP
0x00007fff58c3f000 	/System/Library/PrivateFrameworks/MetadataUtilities.framework/Versions/A/MetadataUtilities
0x00007fff6a35a000 	/usr/lib/libmecabra.dylib
0x00007fff6a2b2000 	/usr/lib/libmecab.dylib
0x00007fff69f0e000 	/usr/lib/libgermantok.dylib
0x00007fff691d1000 	/usr/lib/libThaiTokenizer.dylib
0x00007fff68bd7000 	/usr/lib/libChineseTokenizer.dylib
0x00007fff2de3f000 	/System/Library/Frameworks/Accelerate.framework/Versions/A/Frameworks/vImage.framework/Versions/A/vImage
0x00007fff2f2a9000 	/System/Library/Frameworks/Accelerate.framework/Versions/A/Frameworks/vecLib.framework/Versions/A/vecLib
0x00007fff2f1e6000 	/System/Library/Frameworks/Accelerate.framework/Versions/A/Frameworks/vecLib.framework/Versions/A/libvMisc.dylib
0x00007fff2f00e000 	/System/Library/Frameworks/Accelerate.framework/Versions/A/Frameworks/vecLib.framework/Versions/A/libvDSP.dylib
0x00007fff2e496000 	/System/Library/Frameworks/Accelerate.framework/Versions/A/Frameworks/vecLib.framework/Versions/A/libBLAS.dylib
0x00007fff2ebd2000 	/System/Library/Frameworks/Accelerate.framework/Versions/A/Frameworks/vecLib.framework/Versions/A/libLAPACK.dylib
0x00007fff2ef6e000 	/System/Library/Frameworks/Accelerate.framework/Versions/A/Frameworks/vecLib.framework/Versions/A/libLinearAlgebra.dylib
0x00007fff2effb000 	/System/Library/Frameworks/Accelerate.framework/Versions/A/Frameworks/vecLib.framework/Versions/A/libSparseBLAS.dylib
0x00007fff2ef84000 	/System/Library/Frameworks/Accelerate.framework/Versions/A/Frameworks/vecLib.framework/Versions/A/libQuadrature.dylib
0x00007fff2e6fe000 	/System/Library/Frameworks/Accelerate.framework/Versions/A/Frameworks/vecLib.framework/Versions/A/libBNNS.dylib
0x00007fff2ef8a000 	/System/Library/Frameworks/Accelerate.framework/Versions/A/Frameworks/vecLib.framework/Versions/A/libSparse.dylib
0x00007fff577b5000 	/System/Library/PrivateFrameworks/LanguageModeling.framework/Versions/A/LanguageModeling
0x00007fff4a027000 	/System/Library/PrivateFrameworks/CoreEmoji.framework/Versions/A/CoreEmoji
0x00007fff578d3000 	/System/Library/PrivateFrameworks/LinguisticData.framework/Versions/A/LinguisticData
0x00007fff57884000 	/System/Library/PrivateFrameworks/Lexicon.framework/Versions/A/Lexicon
0x00007fff69493000 	/usr/lib/libcmph.dylib
0x00007fff3b713000 	/System/Library/Frameworks/OpenDirectory.framework/Versions/A/Frameworks/CFOpenDirectory.framework/Versions/A/CFOpenDirectory
0x00007fff3b730000 	/System/Library/Frameworks/OpenDirectory.framework/Versions/A/OpenDirectory
0x00007fff43b50000 	/System/Library/PrivateFrameworks/APFS.framework/Versions/A/APFS
0x00007fff3ee1f000 	/System/Library/Frameworks/SecurityFoundation.framework/Versions/A/SecurityFoundation
0x00007fff6b559000 	/usr/lib/libutil.dylib
0x00007fff4b55c000 	/System/Library/PrivateFrameworks/CoreServicesStore.framework/Versions/A/CoreServicesStore
0x00007fff3eed6000 	/System/Library/Frameworks/ServiceManagement.framework/Versions/A/ServiceManagement
0x00007fff47268000 	/System/Library/PrivateFrameworks/BackgroundTaskManagement.framework/Versions/A/BackgroundTaskManagement
0x00007fff6b656000 	/usr/lib/libxslt.1.dylib
0x00007fff4610c000 	/System/Library/PrivateFrameworks/AppleSystemInfo.framework/Versions/A/AppleSystemInfo
0x00007fff352d3000 	/System/Library/Frameworks/ImageIO.framework/Versions/A/Resources/libJPEG.dylib
0x00007fff3558f000 	/System/Library/Frameworks/ImageIO.framework/Versions/A/Resources/libTIFF.dylib
0x00007fff35572000 	/System/Library/Frameworks/ImageIO.framework/Versions/A/Resources/libPng.dylib
0x00007fff35215000 	/System/Library/Frameworks/ImageIO.framework/Versions/A/Resources/libGIF.dylib
0x00007fff35219000 	/System/Library/Frameworks/ImageIO.framework/Versions/A/Resources/libJP2.dylib
0x00007fff3558d000 	/System/Library/Frameworks/ImageIO.framework/Versions/A/Resources/libRadiance.dylib
0x00007fff69ed7000 	/usr/lib/libexpat.1.dylib
0x00007fff45bf5000 	/System/Library/PrivateFrameworks/AppleJPEG.framework/Versions/A/AppleJPEG
0x00007fff4e837000 	/System/Library/PrivateFrameworks/FontServices.framework/libFontParser.dylib
0x00007fff6508b000 	/System/Library/PrivateFrameworks/WatchdogClient.framework/Versions/A/WatchdogClient
0x00007fff56e11000 	/System/Library/PrivateFrameworks/IOAccelerator.framework/Versions/A/IOAccelerator
0x00007fff37a9d000 	/System/Library/Frameworks/MetalPerformanceShaders.framework/Versions/A/MetalPerformanceShaders
0x00007fff535aa000 	/System/Library/PrivateFrameworks/GPUWrangler.framework/Versions/A/GPUWrangler
0x00007fff56e26000 	/System/Library/PrivateFrameworks/IOPresentment.framework/Versions/A/IOPresentment
0x00007fff4c0d8000 	/System/Library/PrivateFrameworks/DSExternalDisplay.framework/Versions/A/DSExternalDisplay
0x00007fff3c0a4000 	/System/Library/Frameworks/OpenGL.framework/Versions/A/Libraries/libCoreFSCache.dylib
0x00007fff377e9000 	/System/Library/Frameworks/MetalPerformanceShaders.framework/Frameworks/MPSCore.framework/Versions/A/MPSCore
0x00007fff37827000 	/System/Library/Frameworks/MetalPerformanceShaders.framework/Frameworks/MPSImage.framework/Versions/A/MPSImage
0x00007fff378ee000 	/System/Library/Frameworks/MetalPerformanceShaders.framework/Frameworks/MPSNeuralNetwork.framework/Versions/A/MPSNeuralNetwork
0x00007fff378b2000 	/System/Library/Frameworks/MetalPerformanceShaders.framework/Frameworks/MPSMatrix.framework/Versions/A/MPSMatrix
0x00007fff37a4d000 	/System/Library/Frameworks/MetalPerformanceShaders.framework/Frameworks/MPSRayIntersector.framework/Versions/A/MPSRayIntersector
0x00007fff378d8000 	/System/Library/Frameworks/MetalPerformanceShaders.framework/Frameworks/MPSNDArray.framework/Versions/A/MPSNDArray
0x00007fff58c8c000 	/System/Library/PrivateFrameworks/MetalTools.framework/Versions/A/MetalTools
0x00007fff44d22000 	/System/Library/PrivateFrameworks/AggregateDictionary.framework/Versions/A/AggregateDictionary
0x00007fff49a81000 	/System/Library/PrivateFrameworks/CoreAnalytics.framework/Versions/A/CoreAnalytics
0x00007fff4602b000 	/System/Library/PrivateFrameworks/AppleSauce.framework/Versions/A/AppleSauce
0x00007fff68e93000 	/usr/lib/libIOReport.dylib
0x00007fff341a5000 	/System/Library/Frameworks/CoreVideo.framework/Versions/A/CoreVideo
0x00007fff54a24000 	/System/Library/PrivateFrameworks/GraphVisualizer.framework/Versions/A/GraphVisualizer
0x00007fff4dd8b000 	/System/Library/PrivateFrameworks/FaceCore.framework/Versions/A/FaceCore
0x00007fff3b6ba000 	/System/Library/Frameworks/OpenCL.framework/Versions/A/OpenCL
0x00007fff68cb5000 	/usr/lib/libFosl_dynamic.dylib
0x00007fff5a155000 	/System/Library/PrivateFrameworks/OTSVG.framework/Versions/A/OTSVG
0x00007fff30367000 	/System/Library/Frameworks/ApplicationServices.framework/Versions/A/Frameworks/ATS.framework/Versions/A/Resources/libFontRegistry.dylib
0x00007fff4ea08000 	/System/Library/PrivateFrameworks/FontServices.framework/libhvf.dylib
0x00007fff3c0af000 	/System/Library/Frameworks/OpenGL.framework/Versions/A/Libraries/libGFXShared.dylib
0x00007fff3c28d000 	/System/Library/Frameworks/OpenGL.framework/Versions/A/Libraries/libGLU.dylib
0x00007fff3c0b8000 	/System/Library/Frameworks/OpenGL.framework/Versions/A/Libraries/libGL.dylib
0x00007fff3c0c3000 	/System/Library/Frameworks/OpenGL.framework/Versions/A/Libraries/libGLImage.dylib
0x00007fff3c0a1000 	/System/Library/Frameworks/OpenGL.framework/Versions/A/Libraries/libCVMSPluginSupport.dylib
0x00007fff3c0aa000 	/System/Library/Frameworks/OpenGL.framework/Versions/A/Libraries/libCoreVMClient.dylib
0x00007fff6a929000 	/usr/lib/libncurses.5.4.dylib
0x00007fff30263000 	/System/Library/Frameworks/ApplicationServices.framework/Versions/A/Frameworks/ATS.framework/Versions/A/ATS
0x00007fff30430000 	/System/Library/Frameworks/ApplicationServices.framework/Versions/A/Frameworks/ColorSyncLegacy.framework/Versions/A/ColorSyncLegacy
0x00007fff304ce000 	/System/Library/Frameworks/ApplicationServices.framework/Versions/A/Frameworks/HIServices.framework/Versions/A/HIServices
0x00007fff30526000 	/System/Library/Frameworks/ApplicationServices.framework/Versions/A/Frameworks/LangAnalysis.framework/Versions/A/LangAnalysis
0x00007fff30535000 	/System/Library/Frameworks/ApplicationServices.framework/Versions/A/Frameworks/PrintCore.framework/Versions/A/PrintCore
0x00007fff3057b000 	/System/Library/Frameworks/ApplicationServices.framework/Versions/A/Frameworks/QD.framework/Versions/A/QD
0x00007fff30586000 	/System/Library/Frameworks/ApplicationServices.framework/Versions/A/Frameworks/SpeechSynthesis.framework/Versions/A/SpeechSynthesis
0x00007fff30400000 	/System/Library/Frameworks/ApplicationServices.framework/Versions/A/Frameworks/ATSUI.framework/Versions/A/ATSUI
0x00007fff69d6b000 	/usr/lib/libcups.2.dylib
0x00007fff36b3a000 	/System/Library/Frameworks/Kerberos.framework/Versions/A/Kerberos
0x00007fff34c7b000 	/System/Library/Frameworks/GSS.framework/Versions/A/GSS
0x00007fff6b0aa000 	/usr/lib/libresolv.9.dylib
0x00007fff54bd2000 	/System/Library/PrivateFrameworks/Heimdal.framework/Versions/A/Heimdal
0x00007fff36b4d000 	/System/Library/Frameworks/Kerberos.framework/Versions/A/Libraries/libHeimdalProxy.dylib
0x00007fff69f14000 	/usr/lib/libheimdal-asn1.dylib
0x00007fff48f1a000 	/System/Library/PrivateFrameworks/CommonAuth.framework/Versions/A/CommonAuth
0x00007fff461a9000 	/System/Library/PrivateFrameworks/AssertionServices.framework/Versions/A/AssertionServices
0x00007fff46d4b000 	/System/Library/PrivateFrameworks/AudioToolboxCore.framework/Versions/A/AudioToolboxCore
0x00007fff65d35000 	/System/Library/PrivateFrameworks/caulk.framework/Versions/A/caulk
0x00007fff47314000 	/System/Library/PrivateFrameworks/BaseBoard.framework/Versions/A/BaseBoard
0x00007fff5e3a0000 	/System/Library/PrivateFrameworks/RunningBoardServices.framework/Versions/A/RunningBoardServices
0x00007fff5b3b4000 	/System/Library/PrivateFrameworks/PersistentConnection.framework/Versions/A/PersistentConnection
0x00007fff5dd9a000 	/System/Library/PrivateFrameworks/ProtocolBuffer.framework/Versions/A/ProtocolBuffer
0x00007fff48f3e000 	/System/Library/PrivateFrameworks/CommonUtilities.framework/Versions/A/CommonUtilities
0x00007fff474a2000 	/System/Library/PrivateFrameworks/Bom.framework/Versions/A/Bom
0x00007fff68b66000 	/usr/lib/libAudioToolboxUtility.dylib
0x00007fff47272000 	/System/Library/PrivateFrameworks/Backup.framework/Versions/A/Backup
0x00007fff4bff9000 	/System/Library/PrivateFrameworks/CrashReporterSupport.framework/Versions/A/CrashReporterSupport
0x00007fff5fe2e000 	/System/Library/PrivateFrameworks/Sharing.framework/Versions/A/Sharing
0x00007fff457b8000 	/System/Library/PrivateFrameworks/Apple80211.framework/Versions/A/Apple80211
0x00007fff46f8f000 	/System/Library/PrivateFrameworks/AuthKit.framework/Versions/A/AuthKit
0x00007fff4bd09000 	/System/Library/PrivateFrameworks/CoreUtils.framework/Versions/A/CoreUtils
0x00007fff341ea000 	/System/Library/Frameworks/CoreWLAN.framework/Versions/A/CoreWLAN
0x00007fff34e08000 	/System/Library/Frameworks/IOBluetooth.framework/Versions/A/IOBluetooth
0x00007fff58f90000 	/System/Library/PrivateFrameworks/MobileKeyBag.framework/Versions/A/MobileKeyBag
0x00007fff4ab0f000 	/System/Library/PrivateFrameworks/CorePhoneNumbers.framework/Versions/A/CorePhoneNumbers
0x00007fff45ba8000 	/System/Library/PrivateFrameworks/AppleIDAuthSupport.framework/Versions/A/AppleIDAuthSupport
0x00007fff38b32000 	/System/Library/Frameworks/Network.framework/Versions/A/Network
0x00007fff57661000 	/System/Library/PrivateFrameworks/KeychainCircle.framework/Versions/A/KeychainCircle
0x00007fff31c43000 	/System/Library/Frameworks/CoreBluetooth.framework/Versions/A/CoreBluetooth
0x00007fff61eab000 	/System/Library/PrivateFrameworks/SpeechRecognitionCore.framework/Versions/A/SpeechRecognitionCore
0x0000000105800000 	/Applications/Cask/PyCharm.app/Contents/jbr/Contents/Home/lib/server/libjvm.dylib
0x00000001047b6000 	/Applications/Cask/PyCharm.app/Contents/jbr/Contents/Home/lib/libverify.dylib
0x00000001047c7000 	/Applications/Cask/PyCharm.app/Contents/jbr/Contents/Home/lib/libjava.dylib
0x00000001065ae000 	/Applications/Cask/PyCharm.app/Contents/jbr/Contents/Home/lib/libzip.dylib
0x00000001065ba000 	/Applications/Cask/PyCharm.app/Contents/jbr/Contents/Home/lib/libjimage.dylib
0x00000001112b1000 	/usr/local/Cellar/libzip/1.6.1/lib/libzip.5.1.dylib


VM Arguments:
java_command: org.jetbrains.git4idea.http.GitAskPassApp Username for 'https://github.com': 
java_class_path (initial): /Applications/Cask/PyCharm.app/Contents/plugins/git4idea/lib/git4idea-rt.jar:/Applications/Cask/PyCharm.app/Contents/lib/xmlrpc-2.0.1.jar:/Applications/Cask/PyCharm.app/Contents/lib/commons-codec-1.14.jar:/Applications/Cask/PyCharm.app/Contents/lib/util.jar
Launcher Type: SUN_STANDARD

[Global flags]
     intx CICompilerCount                          = 4                                         {product} {ergonomic}
     uint ConcGCThreads                            = 2                                         {product} {ergonomic}
     uint G1ConcRefinementThreads                  = 8                                         {product} {ergonomic}
   size_t G1HeapRegionSize                         = 1048576                                   {product} {ergonomic}
    uintx GCDrainStackTargetSize                   = 64                                        {product} {ergonomic}
   size_t InitialHeapSize                          = 268435456                                 {product} {ergonomic}
   size_t MarkStackSize                            = 4194304                                   {product} {ergonomic}
   size_t MaxHeapSize                              = 4294967296                                {product} {ergonomic}
   size_t MaxNewSize                               = 2576351232                                {product} {ergonomic}
   size_t MinHeapDeltaBytes                        = 1048576                                   {product} {ergonomic}
    uintx NonNMethodCodeHeapSize                   = 5836300                                {pd product} {ergonomic}
    uintx NonProfiledCodeHeapSize                  = 122910970                              {pd product} {ergonomic}
    uintx ProfiledCodeHeapSize                     = 122910970                              {pd product} {ergonomic}
    uintx ReservedCodeCacheSize                    = 251658240                              {pd product} {ergonomic}
     bool SegmentedCodeCache                       = true                                      {product} {ergonomic}
     bool UseCompressedClassPointers               = true                                 {lp64_product} {ergonomic}
     bool UseCompressedOops                        = true                                 {lp64_product} {ergonomic}
     bool UseG1GC                                  = true                                      {product} {ergonomic}

Logging:
Log output configuration:
 #0: stdout all=warning uptime,level,tags
 #1: stderr all=off uptime,level,tags

Environment Variables:
PATH=/usr/local/Cellar/git/2.26.2/libexec/git-core:/usr/local/opt/python/libexec/bin:/usr/local/bin:/usr/local/Cellar/root/6.20.04_1/bin:/Users/ablanche/Documents/Work/Repositories/irods-legacy/iRODS/clients/icommands/bin:/Users/ablanche/Documents/Work/Install/xsLLhFitter/bin:/usr/local/Cellar/root/6.20.04_1/bin:/Users/ablanche/Documents/Work//Install//xsLLhFitter/bin:/Users/ablanche/Documents/Work//Install//P-theta/bin:/Users/ablanche/Documents/Work//Repositories//cclyon_bash_tools/bin/:/Users/ablanche/Documents/Work//Repositories//cclyon_py_tools/scripts/:/Users/ablanche/Documents/Work/LISA/LDC/Install//bin:/Users/ablanche/Documents/Work/LISA/bin:/usr/local/opt/mysql-client/bin:/usr/local/opt/python/libexec/bin:/usr/local/sbin:/usr/bin:/bin:/usr/sbin:/sbin:/Library/TeX/texbin:/opt/X11/bin:/Library/Apple/usr/bin:/Users/ablanche/Documents/Work/STEREO/Programs/FrameWork/Install//bin
LD_LIBRARY_PATH=/usr/local/lib:/usr/local/Cellar/root/6.20.04_1/lib/root:/Users/ablanche/Documents/Work/Install/xsLLhFitter/lib:/usr/local/Cellar/root/6.20.04_1/lib/root:/Users/ablanche/Documents/Work//Install//xsLLhFitter/lib:/Users/ablanche/Documents/Work//Install//P-theta/lib::/Users/ablanche/Documents/Work/STEREO/Programs/FrameWork/Install//lib
SHELL=/bin/bash
DISPLAY=/private/tmp/com.apple.launchd.DFj9y4SoGg/org.macosforge.xquartz:0
DYLD_LIBRARY_PATH=/usr/local/Cellar/root/6.20.04_1/lib/root:/usr/local/Cellar/root/6.20.04_1/lib/root

Signal Handlers:
SIGSEGV: [libjvm.dylib+0x7429f0], sa_mask[0]=11111111011111110111111111111111, sa_flags=SA_ONSTACK|SA_RESTART|SA_SIGINFO
SIGBUS: [libjvm.dylib+0x7429f0], sa_mask[0]=11111111011111110111111111111111, sa_flags=SA_RESTART|SA_SIGINFO
SIGFPE: [libjvm.dylib+0x7429f0], sa_mask[0]=11111111011111110111111111111111, sa_flags=SA_RESTART|SA_SIGINFO
SIGPIPE: [libjvm.dylib+0x5f4767], sa_mask[0]=11111111011111110111111111111111, sa_flags=SA_RESTART|SA_SIGINFO
SIGXFSZ: [libjvm.dylib+0x5f4767], sa_mask[0]=11111111011111110111111111111111, sa_flags=SA_RESTART|SA_SIGINFO
SIGILL: [libjvm.dylib+0x7429f0], sa_mask[0]=11111111011111110111111111111111, sa_flags=SA_RESTART|SA_SIGINFO
SIGUSR2: [libjvm.dylib+0x5f4d51], sa_mask[0]=00100000000000000000000000000000, sa_flags=SA_RESTART|SA_SIGINFO
SIGHUP: SIG_DFL, sa_mask[0]=00000000000000000000000000000000, sa_flags=SA_RESTART
SIGINT: SIG_DFL, sa_mask[0]=00000000000000000000000000000000, sa_flags=none
SIGTERM: SIG_DFL, sa_mask[0]=00000000000000000000000000000000, sa_flags=SA_RESTART
SIGQUIT: SIG_DFL, sa_mask[0]=00000000000000000000000000000000, sa_flags=none


---------------  S Y S T E M  ---------------

OS:uname:Darwin 19.4.0 Darwin Kernel Version 19.4.0: Wed Mar  4 22:28:40 PST 2020; root:xnu-6153.101.6~15/RELEASE_X86_64 x86_64
rlimit: STACK 8192k, CORE 0k, NPROC 2784, NOFILE 10240, AS infinity, DATA infinity, FSIZE infinity
load average:2.16 2.60 2.65

CPU:total 8 (initial active 8) (4 cores per cpu, 2 threads per core) family 6 model 142 stepping 10, cmov, cx8, fxsr, mmx, sse, sse2, sse3, ssse3, sse4.1, sse4.2, popcnt, avx, avx2, aes, clmul, erms, 3dnowpref, lzcnt, ht, tsc, tscinvbit, bmi1, bmi2, adx, fma

Memory: 4k page, physical 16777216k(1273344k free), swap 5242880k(1218048k free)

vm_info: OpenJDK 64-Bit Server VM (11.0.6+8-b765.25) for bsd-amd64 JRE (11.0.6+8-b765.25), built on Mar 30 2020 03:11:36 by "builduser" with gcc 4.2.1 Compatible Apple LLVM 10.0.0 (clang-1000.10.44.4)

END.
